Using pre-set license
Built from '2020.3/staging' branch; Version is '2020.3.20f1 (41c4e627c95f) revision 4310246'; Using compiler version '192528614'; Build Type 'Release'
OS: 'Windows 10 Home; OS build 22000.282; Version 2009; 64bit' Language: 'en' Physical Memory: 16236 MB
BatchMode: 1, IsHumanControllingUs: 0, StartBugReporterOnCrash: 0, Is64bit: 1, IsPro: 0

COMMAND LINE ARGUMENTS:
C:\Program Files\Unity_installations\2020.3.20f1\Editor\Unity.exe
-adb2
-batchMode
-noUpm
-name
AssetImportWorker0
-projectPath
C:/Users/sidsi/Documents/GitHub/yo-yo_repo
-logFile
Logs/AssetImportWorker0.log
-srvPort
63546
Successfully changed project path to: C:/Users/sidsi/Documents/GitHub/yo-yo_repo
C:/Users/sidsi/Documents/GitHub/yo-yo_repo
Using Asset Import Pipeline V2.
Refreshing native plugins compatible for Editor in 40.54 ms, found 3 plugins.
Preloading 0 native plugins for Editor in 0.00 ms.
Initialize engine version: 2020.3.20f1 (41c4e627c95f)
[Subsystems] Discovering subsystems at path C:/Program Files/Unity_installations/2020.3.20f1/Editor/Data/Resources/UnitySubsystems
[Subsystems] Discovering subsystems at path C:/Users/sidsi/Documents/GitHub/yo-yo_repo/Assets
GfxDevice: creating device client; threaded=0
Direct3D:
    Version:  Direct3D 11.0 [level 11.1]
    Renderer: NVIDIA GeForce RTX 3070 Laptop GPU (ID=0x24dd)
    Vendor:   
    VRAM:     8044 MB
    Driver:   30.0.14.9649
Initialize mono
Mono path[0] = 'C:/Program Files/Unity_installations/2020.3.20f1/Editor/Data/Managed'
Mono path[1] = 'C:/Program Files/Unity_installations/2020.3.20f1/Editor/Data/MonoBleedingEdge/lib/mono/unityjit'
Mono config path = 'C:/Program Files/Unity_installations/2020.3.20f1/Editor/Data/MonoBleedingEdge/etc'
Using monoOptions --debugger-agent=transport=dt_socket,embedding=1,server=y,suspend=n,address=127.0.0.1:56096
Begin MonoManager ReloadAssembly
Registering precompiled unity dll's ...
Register platform support module: C:/Program Files/Unity_installations/2020.3.20f1/Editor/Data/PlaybackEngines/WebGLSupport/UnityEditor.WebGL.Extensions.dll
Register platform support module: C:/Program Files/Unity_installations/2020.3.20f1/Editor/Data/PlaybackEngines/WindowsStandaloneSupport/UnityEditor.WindowsStandalone.Extensions.dll
Registered in 0.001439 seconds.
Native extension for WindowsStandalone target not found
Native extension for WebGL target not found
Refreshing native plugins compatible for Editor in 40.30 ms, found 3 plugins.
Preloading 0 native plugins for Editor in 0.00 ms.
Mono: successfully reloaded assembly
- Completed reload, in  0.858 seconds
Domain Reload Profiling:
	ReloadAssembly (858ms)
		BeginReloadAssembly (39ms)
			ExecutionOrderSort (0ms)
			DisableScriptedObjects (0ms)
			BackupInstance (0ms)
			ReleaseScriptingObjects (0ms)
			CreateAndSetChildDomain (1ms)
		EndReloadAssembly (308ms)
			LoadAssemblies (37ms)
			RebuildTransferFunctionScriptingTraits (0ms)
			SetupTypeCache (104ms)
			ReleaseScriptCaches (0ms)
			RebuildScriptCaches (22ms)
			SetupLoadedEditorAssemblies (133ms)
				LogAssemblyErrors (0ms)
				InitializePlatformSupportModulesInManaged (4ms)
				SetLoadedEditorAssemblies (0ms)
				RefreshPlugins (40ms)
				BeforeProcessingInitializeOnLoad (6ms)
				ProcessInitializeOnLoadAttributes (62ms)
				ProcessInitializeOnLoadMethodAttributes (21ms)
				AfterProcessingInitializeOnLoad (0ms)
				EditorAssembliesLoaded (0ms)
			ExecutionOrderSort2 (0ms)
			AwakeInstancesAfterBackupRestoration (0ms)
Platform modules already initialized, skipping
Registering precompiled user dll's ...
Registered in 0.002658 seconds.
Begin MonoManager ReloadAssembly
Native extension for WindowsStandalone target not found
Native extension for WebGL target not found
Refreshing native plugins compatible for Editor in 39.26 ms, found 3 plugins.
Preloading 0 native plugins for Editor in 0.00 ms.
Mono: successfully reloaded assembly
- Completed reload, in  0.855 seconds
Domain Reload Profiling:
	ReloadAssembly (856ms)
		BeginReloadAssembly (102ms)
			ExecutionOrderSort (0ms)
			DisableScriptedObjects (4ms)
			BackupInstance (0ms)
			ReleaseScriptingObjects (0ms)
			CreateAndSetChildDomain (17ms)
		EndReloadAssembly (708ms)
			LoadAssemblies (65ms)
			RebuildTransferFunctionScriptingTraits (0ms)
			SetupTypeCache (209ms)
			ReleaseScriptCaches (1ms)
			RebuildScriptCaches (40ms)
			SetupLoadedEditorAssemblies (309ms)
				LogAssemblyErrors (0ms)
				InitializePlatformSupportModulesInManaged (4ms)
				SetLoadedEditorAssemblies (0ms)
				RefreshPlugins (39ms)
				BeforeProcessingInitializeOnLoad (53ms)
				ProcessInitializeOnLoadAttributes (199ms)
				ProcessInitializeOnLoadMethodAttributes (10ms)
				AfterProcessingInitializeOnLoad (4ms)
				EditorAssembliesLoaded (0ms)
			ExecutionOrderSort2 (0ms)
			AwakeInstancesAfterBackupRestoration (5ms)
Platform modules already initialized, skipping
========================================================================
Worker process is ready to serve import requests
Launched and connected shader compiler UnityShaderCompiler.exe after 0.04 seconds
Refreshing native plugins compatible for Editor in 0.62 ms, found 3 plugins.
Preloading 0 native plugins for Editor in 0.00 ms.
Unloading 2682 Unused Serialized files (Serialized files now loaded: 0)
System memory in use before: 113.9 MB.
System memory in use after: 114.1 MB.

Unloading 32 unused Assets to reduce memory usage. Loaded Objects now: 3124.
Total: 3.220800 ms (FindLiveObjects: 0.223900 ms CreateObjectMapping: 0.069800 ms MarkObjects: 2.848300 ms  DeleteObjects: 0.077700 ms)

AssetImportParameters requested are different than current active one (requested -> active):
  custom:framework-win-MediaFoundation: 216162199b28c13a410421893ffa2e32 -> 
  custom:video-decoder-ogg-theora: a1e56fd34408186e4bbccfd4996cb3dc -> 
  custom:container-muxer-webm: aa71ff27fc2769a1b78a27578f13a17b -> 
  custom:container-demuxer-webm: 4f35f7cbe854078d1ac9338744f61a02 -> 
  custom:container-demuxer-ogg: 62fdf1f143b41e24485cea50d1cbac27 -> 
  custom:video-encoder-webm-vp8: eb34c28f22e8b96e1ab97ce403110664 -> 
  custom:video-codec-MediaFoundation-h265: 746d11721c4dcdbdad8f713fa42b33f4 -> 
  custom:video-decoder-webm-vp8: 9c59270c3fd7afecdb556c50c9e8de78 -> 
  custom:audio-decoder-ogg-vorbis: bf7c407c2cedff20999df2af8eb42d56 -> 
  custom:audio-encoder-webm-vorbis: bf7c407c2cedff20999df2af8eb42d56 -> 
========================================================================
Received Import Request.
  path: Assets/Scenes/Level Bus.unity
  artifactKey: Guid(f64e745e3d72d40f6b5c6d69a0428d20) Importer(815301076,1909f56bfc062723c751e8b465ee728b)
Start importing Assets/Scenes/Level Bus.unity using Guid(f64e745e3d72d40f6b5c6d69a0428d20) Importer(815301076,1909f56bfc062723c751e8b465ee728b)  -> (artifact id: '08619885f1b94328b5dd906734d0d105') in 0.016664 seconds 
  Import took 0.020225 seconds .

========================================================================
Received Import Request.
  Time since last request: 133.428788 seconds.
  path: Assets/Scenes/Level_01 Tutorial_Xueqing.unity
  artifactKey: Guid(bb8127ea663a0485e977e6281114f152) Importer(815301076,1909f56bfc062723c751e8b465ee728b)
Start importing Assets/Scenes/Level_01 Tutorial_Xueqing.unity using Guid(bb8127ea663a0485e977e6281114f152) Importer(815301076,1909f56bfc062723c751e8b465ee728b)  -> (artifact id: '97161fc54ed5e1bf9ac60eeff1ce6d9d') in 0.009772 seconds 
  Import took 0.013563 seconds .

========================================================================
Received Import Request.
  Time since last request: 2.059497 seconds.
  path: Assets/Scenes/Level_01 Tutorial.unity
  artifactKey: Guid(4df078852c96d52429f631e92de26042) Importer(815301076,1909f56bfc062723c751e8b465ee728b)
Start importing Assets/Scenes/Level_01 Tutorial.unity using Guid(4df078852c96d52429f631e92de26042) Importer(815301076,1909f56bfc062723c751e8b465ee728b)  -> (artifact id: '18b3a361925d73d4caf37358c5dfff55') in 0.008248 seconds 
  Import took 0.012159 seconds .

========================================================================
Received Prepare
Registering precompiled user dll's ...
Registered in 0.002782 seconds.
Begin MonoManager ReloadAssembly
Native extension for WindowsStandalone target not found
Native extension for WebGL target not found
Refreshing native plugins compatible for Editor in 0.61 ms, found 3 plugins.
Preloading 0 native plugins for Editor in 0.00 ms.
Mono: successfully reloaded assembly
- Completed reload, in  0.816 seconds
Domain Reload Profiling:
	ReloadAssembly (816ms)
		BeginReloadAssembly (104ms)
			ExecutionOrderSort (0ms)
			DisableScriptedObjects (5ms)
			BackupInstance (0ms)
			ReleaseScriptingObjects (0ms)
			CreateAndSetChildDomain (35ms)
		EndReloadAssembly (667ms)
			LoadAssemblies (65ms)
			RebuildTransferFunctionScriptingTraits (0ms)
			SetupTypeCache (222ms)
			ReleaseScriptCaches (1ms)
			RebuildScriptCaches (33ms)
			SetupLoadedEditorAssemblies (262ms)
				LogAssemblyErrors (0ms)
				InitializePlatformSupportModulesInManaged (4ms)
				SetLoadedEditorAssemblies (0ms)
				RefreshPlugins (1ms)
				BeforeProcessingInitializeOnLoad (45ms)
				ProcessInitializeOnLoadAttributes (204ms)
				ProcessInitializeOnLoadMethodAttributes (4ms)
				AfterProcessingInitializeOnLoad (4ms)
				EditorAssembliesLoaded (0ms)
			ExecutionOrderSort2 (0ms)
			AwakeInstancesAfterBackupRestoration (8ms)
Platform modules already initialized, skipping
Refreshing native plugins compatible for Editor in 0.58 ms, found 3 plugins.
Preloading 0 native plugins for Editor in 0.00 ms.
Unloading 2669 Unused Serialized files (Serialized files now loaded: 0)
System memory in use before: 113.5 MB.
System memory in use after: 113.7 MB.

Unloading 18 unused Assets to reduce memory usage. Loaded Objects now: 3127.
Total: 3.335600 ms (FindLiveObjects: 0.261200 ms CreateObjectMapping: 0.075600 ms MarkObjects: 2.976400 ms  DeleteObjects: 0.021400 ms)

AssetImportParameters requested are different than current active one (requested -> active):
  custom:framework-win-MediaFoundation: 216162199b28c13a410421893ffa2e32 -> 
  custom:video-decoder-ogg-theora: a1e56fd34408186e4bbccfd4996cb3dc -> 
  custom:container-muxer-webm: aa71ff27fc2769a1b78a27578f13a17b -> 
  custom:container-demuxer-webm: 4f35f7cbe854078d1ac9338744f61a02 -> 
  custom:container-demuxer-ogg: 62fdf1f143b41e24485cea50d1cbac27 -> 
  custom:video-encoder-webm-vp8: eb34c28f22e8b96e1ab97ce403110664 -> 
  custom:video-codec-MediaFoundation-h265: 746d11721c4dcdbdad8f713fa42b33f4 -> 
  custom:video-decoder-webm-vp8: 9c59270c3fd7afecdb556c50c9e8de78 -> 
  custom:audio-decoder-ogg-vorbis: bf7c407c2cedff20999df2af8eb42d56 -> 
  custom:audio-encoder-webm-vorbis: bf7c407c2cedff20999df2af8eb42d56 -> 
========================================================================
Received Prepare
Registering precompiled user dll's ...
Registered in 0.003138 seconds.
Begin MonoManager ReloadAssembly
Native extension for WindowsStandalone target not found
Native extension for WebGL target not found
Refreshing native plugins compatible for Editor in 0.62 ms, found 3 plugins.
Preloading 0 native plugins for Editor in 0.00 ms.
Mono: successfully reloaded assembly
- Completed reload, in  0.946 seconds
Domain Reload Profiling:
	ReloadAssembly (946ms)
		BeginReloadAssembly (114ms)
			ExecutionOrderSort (0ms)
			DisableScriptedObjects (5ms)
			BackupInstance (0ms)
			ReleaseScriptingObjects (0ms)
			CreateAndSetChildDomain (40ms)
		EndReloadAssembly (779ms)
			LoadAssemblies (76ms)
			RebuildTransferFunctionScriptingTraits (0ms)
			SetupTypeCache (265ms)
			ReleaseScriptCaches (1ms)
			RebuildScriptCaches (39ms)
			SetupLoadedEditorAssemblies (302ms)
				LogAssemblyErrors (0ms)
				InitializePlatformSupportModulesInManaged (5ms)
				SetLoadedEditorAssemblies (0ms)
				RefreshPlugins (1ms)
				BeforeProcessingInitializeOnLoad (50ms)
				ProcessInitializeOnLoadAttributes (236ms)
				ProcessInitializeOnLoadMethodAttributes (5ms)
				AfterProcessingInitializeOnLoad (4ms)
				EditorAssembliesLoaded (0ms)
			ExecutionOrderSort2 (0ms)
			AwakeInstancesAfterBackupRestoration (9ms)
Platform modules already initialized, skipping
Refreshing native plugins compatible for Editor in 0.61 ms, found 3 plugins.
Preloading 0 native plugins for Editor in 0.00 ms.
Unloading 2669 Unused Serialized files (Serialized files now loaded: 0)
System memory in use before: 113.5 MB.
System memory in use after: 113.8 MB.

Unloading 18 unused Assets to reduce memory usage. Loaded Objects now: 3130.
Total: 3.663200 ms (FindLiveObjects: 0.291200 ms CreateObjectMapping: 0.072700 ms MarkObjects: 3.274000 ms  DeleteObjects: 0.024500 ms)

AssetImportParameters requested are different than current active one (requested -> active):
  custom:framework-win-MediaFoundation: 216162199b28c13a410421893ffa2e32 -> 
  custom:video-decoder-ogg-theora: a1e56fd34408186e4bbccfd4996cb3dc -> 
  custom:container-muxer-webm: aa71ff27fc2769a1b78a27578f13a17b -> 
  custom:container-demuxer-webm: 4f35f7cbe854078d1ac9338744f61a02 -> 
  custom:container-demuxer-ogg: 62fdf1f143b41e24485cea50d1cbac27 -> 
  custom:video-encoder-webm-vp8: eb34c28f22e8b96e1ab97ce403110664 -> 
  custom:video-codec-MediaFoundation-h265: 746d11721c4dcdbdad8f713fa42b33f4 -> 
  custom:video-decoder-webm-vp8: 9c59270c3fd7afecdb556c50c9e8de78 -> 
  custom:audio-decoder-ogg-vorbis: bf7c407c2cedff20999df2af8eb42d56 -> 
  custom:audio-encoder-webm-vorbis: bf7c407c2cedff20999df2af8eb42d56 -> 
========================================================================
Received Import Request.
  Time since last request: 52.736796 seconds.
  path: Assets/Scenes/Tilemaps
  artifactKey: Guid(0cf6717b2f209414899ba3ea97836b4f) Importer(815301076,1909f56bfc062723c751e8b465ee728b)
Start importing Assets/Scenes/Tilemaps using Guid(0cf6717b2f209414899ba3ea97836b4f) Importer(815301076,1909f56bfc062723c751e8b465ee728b)  -> (artifact id: 'b17455982c56cd172cd5b90ffc2db693') in 0.010826 seconds 
  Import took 0.014892 seconds .

========================================================================
Received Import Request.
  Time since last request: 0.058998 seconds.
  path: Assets/Scenes/Tilemaps/New Palette.prefab
  artifactKey: Guid(366fc458cff174145ae908ff89482523) Importer(815301076,1909f56bfc062723c751e8b465ee728b)
Start importing Assets/Scenes/Tilemaps/New Palette.prefab using Guid(366fc458cff174145ae908ff89482523) Importer(815301076,1909f56bfc062723c751e8b465ee728b)  -> (artifact id: '7a4ec0407f5cea6c1c75d40ea3a035c2') in 0.079167 seconds 
  Import took 0.083607 seconds .

========================================================================
Received Import Request.
  Time since last request: 0.000142 seconds.
  path: Assets/Scenes/Tilemaps/Slope1_1.asset
  artifactKey: Guid(44e9e27ad235941a2b729412716a606c) Importer(815301076,1909f56bfc062723c751e8b465ee728b)
Start importing Assets/Scenes/Tilemaps/Slope1_1.asset using Guid(44e9e27ad235941a2b729412716a606c) Importer(815301076,1909f56bfc062723c751e8b465ee728b)  -> (artifact id: '784a7d038d44feaf260168b5d10e2afe') in 0.023714 seconds 
  Import took 0.027245 seconds .

========================================================================
Received Import Request.
  Time since last request: 0.000150 seconds.
  path: Assets/Scenes/Tilemaps/Slope2_1.asset
  artifactKey: Guid(2184c7b5deef246bab156b7f38e35b20) Importer(815301076,1909f56bfc062723c751e8b465ee728b)
Start importing Assets/Scenes/Tilemaps/Slope2_1.asset using Guid(2184c7b5deef246bab156b7f38e35b20) Importer(815301076,1909f56bfc062723c751e8b465ee728b)  -> (artifact id: 'e405cb19c05dd812022ca7a5ed7bd939') in 0.012021 seconds 
  Import took 0.015809 seconds .

========================================================================
Received Import Request.
  Time since last request: 0.000138 seconds.
  path: Assets/Scenes/Tilemaps/Slope1_1.png
  artifactKey: Guid(19816f01897934017a83a674eda0a24c) Importer(815301076,1909f56bfc062723c751e8b465ee728b)
Start importing Assets/Scenes/Tilemaps/Slope1_1.png using Guid(19816f01897934017a83a674eda0a24c) Importer(815301076,1909f56bfc062723c751e8b465ee728b)  -> (artifact id: 'dd29e13043f85860c8aa661990b014a1') in 0.043472 seconds 
  Import took 0.047186 seconds .

========================================================================
Received Import Request.
  Time since last request: 0.000148 seconds.
  path: Assets/Scenes/Tilemaps/Slope2_2.asset
  artifactKey: Guid(2b0f3efad6f914b2184d1aeaf8cf299a) Importer(815301076,1909f56bfc062723c751e8b465ee728b)
Start importing Assets/Scenes/Tilemaps/Slope2_2.asset using Guid(2b0f3efad6f914b2184d1aeaf8cf299a) Importer(815301076,1909f56bfc062723c751e8b465ee728b)  -> (artifact id: '382f354bb41a2a7ce1d14d710e7ac0d3') in 0.011009 seconds 
  Import took 0.014622 seconds .

========================================================================
Received Import Request.
  Time since last request: 0.000137 seconds.
  path: Assets/Scenes/Tilemaps/Slope.asset
  artifactKey: Guid(292705b1692d04b5e87b89e197adc057) Importer(815301076,1909f56bfc062723c751e8b465ee728b)
Start importing Assets/Scenes/Tilemaps/Slope.asset using Guid(292705b1692d04b5e87b89e197adc057) Importer(815301076,1909f56bfc062723c751e8b465ee728b)  -> (artifact id: 'd8875c80ffe883d1de236a0e9455dc81') in 0.011480 seconds 
  Import took 0.015076 seconds .

========================================================================
Received Import Request.
  Time since last request: 0.000149 seconds.
  path: Assets/Scenes/Tilemaps/Slope.png
  artifactKey: Guid(91ffa16a78c3d403d8dc623c59149c64) Importer(815301076,1909f56bfc062723c751e8b465ee728b)
Start importing Assets/Scenes/Tilemaps/Slope.png using Guid(91ffa16a78c3d403d8dc623c59149c64) Importer(815301076,1909f56bfc062723c751e8b465ee728b)  -> (artifact id: 'cf89d245a9808b9f672c3e38222c7514') in 0.014229 seconds 
  Import took 0.017733 seconds .

========================================================================
Received Import Request.
  Time since last request: 0.000140 seconds.
  path: Assets/Scenes/Tilemaps/Slope2_1.png
  artifactKey: Guid(21c737764a5fa43bb9b32d636dbf1404) Importer(815301076,1909f56bfc062723c751e8b465ee728b)
Start importing Assets/Scenes/Tilemaps/Slope2_1.png using Guid(21c737764a5fa43bb9b32d636dbf1404) Importer(815301076,1909f56bfc062723c751e8b465ee728b)  -> (artifact id: 'bf7639f696274171c835cf5b9b1be331') in 0.012630 seconds 
  Import took 0.016255 seconds .

========================================================================
Received Import Request.
  Time since last request: 0.000132 seconds.
  path: Assets/Scenes/Tilemaps/Slope1.png
  artifactKey: Guid(f06891e03f081405a9f53547217f46e5) Importer(815301076,1909f56bfc062723c751e8b465ee728b)
Start importing Assets/Scenes/Tilemaps/Slope1.png using Guid(f06891e03f081405a9f53547217f46e5) Importer(815301076,1909f56bfc062723c751e8b465ee728b)  -> (artifact id: '573d56845808c0ab1889fa8a4c1b221c') in 0.014235 seconds 
  Import took 0.017833 seconds .

========================================================================
Received Import Request.
  Time since last request: 0.000164 seconds.
  path: Assets/Scenes/Tilemaps/Slope1.asset
  artifactKey: Guid(a4edc723efebd4691a159c7ad32b71d5) Importer(815301076,1909f56bfc062723c751e8b465ee728b)
Start importing Assets/Scenes/Tilemaps/Slope1.asset using Guid(a4edc723efebd4691a159c7ad32b71d5) Importer(815301076,1909f56bfc062723c751e8b465ee728b)  -> (artifact id: '379cd6a6db7b8a7b47c0f7963c24c091') in 0.010200 seconds 
  Import took 0.013851 seconds .

========================================================================
Received Import Request.
  Time since last request: 0.000140 seconds.
  path: Assets/Scenes/Tilemaps/Slope2.asset
  artifactKey: Guid(93baa4cfed14f4e728448d9cb066742d) Importer(815301076,1909f56bfc062723c751e8b465ee728b)
Start importing Assets/Scenes/Tilemaps/Slope2.asset using Guid(93baa4cfed14f4e728448d9cb066742d) Importer(815301076,1909f56bfc062723c751e8b465ee728b)  -> (artifact id: '9c3e404ccef5cfc013ae5332128cc75d') in 0.010937 seconds 
  Import took 0.014633 seconds .

========================================================================
Received Import Request.
  Time since last request: 0.000162 seconds.
  path: Assets/Scenes/Tilemaps/Slope2_2.png
  artifactKey: Guid(c0ec56af71ac44282a355f808a2096d8) Importer(815301076,1909f56bfc062723c751e8b465ee728b)
Start importing Assets/Scenes/Tilemaps/Slope2_2.png using Guid(c0ec56af71ac44282a355f808a2096d8) Importer(815301076,1909f56bfc062723c751e8b465ee728b)  -> (artifact id: '5102224e5b78654014312f797fa1cddb') in 0.013909 seconds 
  Import took 0.017656 seconds .

========================================================================
Received Import Request.
  Time since last request: 0.000141 seconds.
  path: Assets/Scenes/Tilemaps/Slope2.png
  artifactKey: Guid(dfab74bae8184486b97c4a1ac3fd62b0) Importer(815301076,1909f56bfc062723c751e8b465ee728b)
Start importing Assets/Scenes/Tilemaps/Slope2.png using Guid(dfab74bae8184486b97c4a1ac3fd62b0) Importer(815301076,1909f56bfc062723c751e8b465ee728b)  -> (artifact id: 'ceb01b5592d054e9bf629938b3b9c9b1') in 0.013518 seconds 
  Import took 0.017218 seconds .

========================================================================
Received Import Request.
  Time since last request: 69.742576 seconds.
  path: Assets/Scripts
  artifactKey: Guid(af7311c184e878240a577b22d00210ec) Importer(815301076,1909f56bfc062723c751e8b465ee728b)
Start importing Assets/Scripts using Guid(af7311c184e878240a577b22d00210ec) Importer(815301076,1909f56bfc062723c751e8b465ee728b)  -> (artifact id: '3a985e59298cc139b5d640587676e896') in 0.007002 seconds 
  Import took 0.011064 seconds .

========================================================================
Received Import Request.
  Time since last request: 1.435872 seconds.
  path: Assets/Scripts/PlayerController_Xueqing.cs
  artifactKey: Guid(8ce1fead6bc9c4947ab78886c8d5c92c) Importer(815301076,1909f56bfc062723c751e8b465ee728b)
Start importing Assets/Scripts/PlayerController_Xueqing.cs using Guid(8ce1fead6bc9c4947ab78886c8d5c92c) Importer(815301076,1909f56bfc062723c751e8b465ee728b)  -> (artifact id: 'a96eebc737e4ad9269bb1f263f77b6ae') in 0.039916 seconds 
  Import took 0.043883 seconds .

========================================================================
Received Import Request.
  Time since last request: 3.873415 seconds.
  path: Assets/Scripts/PlayerController_Sid.cs
  artifactKey: Guid(c60eb78d5cde0494888eafca40fda4fb) Importer(815301076,1909f56bfc062723c751e8b465ee728b)
Start importing Assets/Scripts/PlayerController_Sid.cs using Guid(c60eb78d5cde0494888eafca40fda4fb) Importer(815301076,1909f56bfc062723c751e8b465ee728b)  -> (artifact id: 'c943605d7ee2fde5cdeff54eb7773bbc') in 0.007140 seconds 
  Import took 0.011090 seconds .

